<?xml version="1.0" encoding="UTF-8"?>
<!-- Generated by org.testng.reporters.JUnitReportReporter -->
<testsuite hostname="TrongTran" failures="0" tests="1" name="Major_Script.EditAndSearchCourse" time="8.968" errors="0" timestamp="2024-03-22T21:19:55 ICT" skipped="0">
  <testcase classname="Major_Script.EditAndSearchCourse" name="TC01_SearchCourse" time="8.968"/>
  <system-out/>
</testsuite> <!-- Major_Script.EditAndSearchCourse -->
