<?xml version="1.0" encoding="UTF-8"?>
<!-- Generated by org.testng.reporters.JUnitReportReporter -->
<testsuite hostname="TrongTran" failures="0" tests="1" name="TestCase.DeleteClass" time="8.232" errors="0" timestamp="2024-03-20T21:54:54 ICT" skipped="0">
  <testcase classname="TestCase.DeleteClass" name="deleteClass" time="8.232"/>
  <system-out/>
</testsuite> <!-- TestCase.DeleteClass -->
