<?xml version="1.0" encoding="UTF-8"?>
<!-- Generated by org.testng.reporters.JUnitReportReporter -->
<testsuite hostname="TrongTran" failures="0" tests="1" name="Major_Script.SearchMajor" time="5.701" errors="0" timestamp="2024-03-25T14:31:41 ICT" skipped="0">
  <testcase classname="Major_Script.SearchMajor" name="TC01_SearchMajor" time="5.701"/>
  <system-out/>
</testsuite> <!-- Major_Script.SearchMajor -->
