<?xml version="1.0" encoding="UTF-8"?>
<!-- Generated by org.testng.reporters.JUnitReportReporter -->
<testsuite hostname="TrongTran" failures="0" tests="1" name="QLPCGD.DeleteClass" time="23.490" errors="0" timestamp="2024-03-19T13:46:38 ICT" skipped="0">
  <testcase classname="QLPCGD.DeleteClass" name="deleteClass" time="23.490"/>
  <system-out/>
</testsuite> <!-- QLPCGD.DeleteClass -->
