<?xml version="1.0" encoding="UTF-8"?>
<!-- Generated by org.testng.reporters.JUnitReportReporter -->
<testsuite hostname="TrongTran" failures="0" tests="1" name="Timetable_Script.ImportTimeTable" time="27.729" errors="0" timestamp="2024-03-27T01:44:30 ICT" skipped="0">
  <testcase classname="Timetable_Script.ImportTimeTable" name="importTimeTable" time="27.729"/>
  <system-out/>
</testsuite> <!-- Timetable_Script.ImportTimeTable -->
