<?xml version="1.0" encoding="UTF-8"?>
<!-- Generated by org.testng.reporters.JUnitReportReporter -->
<testsuite hostname="TrongTran" failures="0" tests="1" name="TestCase.ImportTimeTable" time="7.438" errors="0" timestamp="2024-03-20T22:54:50 ICT" skipped="0">
  <testcase classname="TestCase.ImportTimeTable" name="importTimeTable" time="7.438"/>
  <system-out/>
</testsuite> <!-- TestCase.ImportTimeTable -->
